This is pdfTeX, Version 3.141592653-2.6-1.40.29 (TeX Live 2026) (preloaded format=pdflatex 2026.4.2)  6 APR 2026 22:20
entering extended mode
 restricted \write18 enabled.
 %&-line parsing enabled.
**equations.tex
(./equations.tex
LaTeX2e <2025-11-01>
L3 programming layer <2026-03-20>
(/usr/local/texlive/2026/texmf-dist/tex/latex/base/article.cls
Document Class: article 2025/01/22 v1.4n Standard LaTeX document class
(/usr/local/texlive/2026/texmf-dist/tex/latex/base/size10.clo
File: size10.clo 2025/01/22 v1.4n Standard LaTeX file (size option)
)
\c@part=\count275
\c@section=\count276
\c@subsection=\count277
\c@subsubsection=\count278
\c@paragraph=\count279
\c@subparagraph=\count280
\c@figure=\count281
\c@table=\count282
\abovecaptionskip=\skip49
\belowcaptionskip=\skip50
\bibindent=\dimen150
) (./options.tex (/usr/local/texlive/2026/texmf-dist/tex/latex/microtype/microt
ype.sty
Package: microtype 2026/03/01 v3.2d Micro-typographical refinements (RS)
(/usr/local/texlive/2026/texmf-dist/tex/latex/graphics/keyval.sty
Package: keyval 2022/05/29 v1.15 key=value parser (DPC)
\KV@toks@=\toks17
) (/usr/local/texlive/2026/texmf-dist/tex/latex/etoolbox/etoolbox.sty
Package: etoolbox 2025/10/02 v2.5m e-TeX tools for LaTeX (JAW)
\etb@tempcnta=\count283
)
\MT@toks=\toks18
\MT@tempbox=\box53
\MT@count=\count284
LaTeX Info: Redefining \noprotrusionifhmode on input line 1084.
LaTeX Info: Redefining \leftprotrusion on input line 1085.
\MT@prot@toks=\toks19
LaTeX Info: Redefining \rightprotrusion on input line 1104.
LaTeX Info: Redefining \textls on input line 1449.
\MT@outer@kern=\dimen151
LaTeX Info: Redefining \microtypecontext on input line 2053.
LaTeX Info: Redefining \textmicrotypecontext on input line 2070.
\MT@listname@count=\count285
(/usr/local/texlive/2026/texmf-dist/tex/latex/microtype/microtype-pdftex.def
File: microtype-pdftex.def 2026/03/01 v3.2d Definitions specific to pdftex (RS)

LaTeX Info: Redefining \lsstyle on input line 944.
LaTeX Info: Redefining \lslig on input line 944.
\MT@outer@space=\skip51
)
Package microtype Info: Loading configuration file microtype.cfg.
(/usr/local/texlive/2026/texmf-dist/tex/latex/microtype/microtype.cfg
File: microtype.cfg 2026/03/01 v3.2d microtype main configuration file (RS)
)
LaTeX Info: Redefining \microtypesetup on input line 3065.
) (/usr/local/texlive/2026/texmf-dist/tex/latex/graphics/graphicx.sty
Package: graphicx 2024/12/31 v1.2e Enhanced LaTeX Graphics (DPC,SPQR)
(/usr/local/texlive/2026/texmf-dist/tex/latex/graphics/graphics.sty
Package: graphics 2024/08/06 v1.4g Standard LaTeX Graphics (DPC,SPQR)
(/usr/local/texlive/2026/texmf-dist/tex/latex/graphics/trig.sty
Package: trig 2023/12/02 v1.11 sin cos tan (DPC)
) (/usr/local/texlive/2026/texmf-dist/tex/latex/graphics-cfg/graphics.cfg
File: graphics.cfg 2016/06/04 v1.11 sample graphics configuration
)
Package graphics Info: Driver file: pdftex.def on input line 106.
(/usr/local/texlive/2026/texmf-dist/tex/latex/graphics-def/pdftex.def
File: pdftex.def 2025/09/29 v1.2d Graphics/color driver for pdftex
))
\Gin@req@height=\dimen152
\Gin@req@width=\dimen153
) (/usr/local/texlive/2026/texmf-dist/tex/latex/booktabs/booktabs.sty
Package: booktabs 2020/01/12 v1.61803398 Publication quality tables
\heavyrulewidth=\dimen154
\lightrulewidth=\dimen155
\cmidrulewidth=\dimen156
\belowrulesep=\dimen157
\belowbottomsep=\dimen158
\aboverulesep=\dimen159
\abovetopsep=\dimen160
\cmidrulesep=\dimen161
\cmidrulekern=\dimen162
\defaultaddspace=\dimen163
\@cmidla=\count286
\@cmidlb=\count287
\@aboverulesep=\dimen164
\@belowrulesep=\dimen165
\@thisruleclass=\count288
\@lastruleclass=\count289
\@thisrulewidth=\dimen166
) (/usr/local/texlive/2026/texmf-dist/tex/latex/siunitx/siunitx.sty
Package: siunitx 2026-03-26 v3.5.1 A comprehensive (SI) units package
\l__siunitx_number_uncert_offset_int=\count290
\l__siunitx_number_exponent_fixed_int=\count291
\l__siunitx_number_min_decimal_int=\count292
\l__siunitx_number_min_integer_int=\count293
\l__siunitx_number_round_precision_int=\count294
\l__siunitx_number_lower_threshold_int=\count295
\l__siunitx_number_upper_threshold_int=\count296
\l__siunitx_number_group_first_int=\count297
\l__siunitx_number_group_size_int=\count298
\l__siunitx_number_group_min_int=\count299
\l__siunitx_number_group_minimum_int=\count300
\l__siunitx_compound_count_int=\count301
(/usr/local/texlive/2026/texmf-dist/tex/latex/translations/translations.sty
Package: translations 2022/02/05 v1.12 internationalization of LaTeX2e packages
 (CN)
(/usr/local/texlive/2026/texmf-dist/tex/generic/pdftexcmds/pdftexcmds.sty
Package: pdftexcmds 2020-06-27 v0.33 Utility functions of pdfTeX for LuaTeX (HO
)
(/usr/local/texlive/2026/texmf-dist/tex/generic/infwarerr/infwarerr.sty
Package: infwarerr 2019/12/03 v1.5 Providing info/warning/error messages (HO)
) (/usr/local/texlive/2026/texmf-dist/tex/generic/iftex/iftex.sty
Package: iftex 2024/12/12 v1.0g TeX engine tests
) (/usr/local/texlive/2026/texmf-dist/tex/generic/ltxcmds/ltxcmds.sty
Package: ltxcmds 2023-12-04 v1.26 LaTeX kernel commands for general use (HO)
)
Package pdftexcmds Info: \pdf@primitive is available.
Package pdftexcmds Info: \pdf@ifprimitive is available.
Package pdftexcmds Info: \pdfdraftmode found.
)) (/usr/local/texlive/2026/texmf-dist/tex/latex/amsmath/amstext.sty
Package: amstext 2024/11/17 v2.01 AMS text
(/usr/local/texlive/2026/texmf-dist/tex/latex/amsmath/amsgen.sty
File: amsgen.sty 1999/11/30 v2.0 generic functions
\@emptytoks=\toks20
\ex@=\dimen167
))
\l__siunitx_table_tmp_box=\box54
\l__siunitx_table_tmp_dim=\dimen168
\l__siunitx_table_column_width_dim=\dimen169
\l__siunitx_table_integer_box=\box55
\l__siunitx_table_decimal_box=\box56
\l__siunitx_table_uncert_box=\box57
\l__siunitx_table_before_box=\box58
\l__siunitx_table_after_box=\box59
\l__siunitx_table_before_dim=\dimen170
\l__siunitx_table_carry_dim=\dimen171
\l__siunitx_unit_tmp_int=\count302
\l__siunitx_unit_position_int=\count303
\l__siunitx_unit_total_int=\count304
\l__siunitx_sexagesimal_tmp_dim=\dimen172
\l__siunitx_sexagesimal_marker_box=\box60
\l__siunitx_sexagesimal_unit_box=\box61
(/usr/local/texlive/2026/texmf-dist/tex/latex/tools/array.sty
Package: array 2025/09/25 v2.6n Tabular extension package (FMi)
\col@sep=\dimen173
\ar@mcellbox=\box62
\extrarowheight=\dimen174
\NC@list=\toks21
\extratabsurround=\skip52
\backup@length=\skip53
\ar@cellbox=\box63
)) (/usr/local/texlive/2026/texmf-dist/tex/latex/titlesec/titlesec.sty
Package: titlesec 2025/01/04 v2.17 Sectioning titles
\ttl@box=\box64
\beforetitleunit=\skip54
\aftertitleunit=\skip55
\ttl@plus=\dimen175
\ttl@minus=\dimen176
\ttl@toksa=\toks22
\titlewidth=\dimen177
\titlewidthlast=\dimen178
\titlewidthfirst=\dimen179
) (/usr/local/texlive/2026/texmf-dist/tex/latex/parskip/parskip.sty
Package: parskip 2021-03-14 v2.0h non-zero parskip adjustments
(/usr/local/texlive/2026/texmf-dist/tex/latex/kvoptions/kvoptions.sty
Package: kvoptions 2022-06-15 v3.15 Key value format for package options (HO)
(/usr/local/texlive/2026/texmf-dist/tex/latex/kvsetkeys/kvsetkeys.sty
Package: kvsetkeys 2022-10-05 v1.19 Key value parser (HO)
))) (/usr/local/texlive/2026/texmf-dist/tex/latex/preprint/fullpage.sty
Package: fullpage 1999/02/23 1.1 (PWD)
\FP@margin=\skip56
) (/usr/local/texlive/2026/texmf-dist/tex/latex/units/nicefrac.sty
Package: nicefrac 1998/08/04 v0.9b Nice fractions
\L@UnitsRaiseDisplaystyle=\skip57
\L@UnitsRaiseTextstyle=\skip58
\L@UnitsRaiseScriptstyle=\skip59
(/usr/local/texlive/2026/texmf-dist/tex/latex/base/ifthen.sty
Package: ifthen 2024/03/16 v1.1e Standard LaTeX ifthen package (DPC)
)) (/usr/local/texlive/2026/texmf-dist/tex/latex/float/float.sty
Package: float 2001/11/08 v1.3d Float enhancements (AL)
\c@float@type=\count305
\float@exts=\toks23
\float@box=\box65
\@float@everytoks=\toks24
\@floatcapt=\box66
) (/usr/local/texlive/2026/texmf-dist/tex/latex/multirow/multirow.sty
Package: multirow 2024/11/12 v2.9 Span multiple rows of a table
\multirow@colwidth=\skip60
\multirow@cntb=\count306
\multirow@dima=\skip61
\bigstrutjot=\dimen180
) (/usr/local/texlive/2026/texmf-dist/tex/latex/multirow/bigdelim.sty
Package: bigdelim 2024/11/12 v2.9 Create big delimiters in tabular or array
) (/usr/local/texlive/2026/texmf-dist/tex/latex/mlmodern/mlmodern.sty
Package: mlmodern 2021/01/12 v1.1 Modified Latin Modern Fonts
LaTeX Font Info:    Overwriting symbol font `operators' in version `normal'
(Font)                  OT1/cmr/m/n --> OT1/mlmr/m/n on input line 27.
LaTeX Font Info:    Overwriting symbol font `letters' in version `normal'
(Font)                  OML/cmm/m/it --> OML/mlmm/m/it on input line 28.
LaTeX Font Info:    Overwriting symbol font `symbols' in version `normal'
(Font)                  OMS/cmsy/m/n --> OMS/mlmsy/m/n on input line 29.
LaTeX Font Info:    Overwriting symbol font `largesymbols' in version `normal'
(Font)                  OMX/cmex/m/n --> OMX/mlmex/m/n on input line 30.
LaTeX Font Info:    Overwriting symbol font `operators' in version `bold'
(Font)                  OT1/cmr/bx/n --> OT1/mlmr/bx/n on input line 31.
LaTeX Font Info:    Overwriting symbol font `letters' in version `bold'
(Font)                  OML/cmm/b/it --> OML/mlmm/b/it on input line 32.
LaTeX Font Info:    Overwriting symbol font `symbols' in version `bold'
(Font)                  OMS/cmsy/b/n --> OMS/mlmsy/b/n on input line 33.
LaTeX Font Info:    Overwriting symbol font `largesymbols' in version `bold'
(Font)                  OMX/cmex/m/n --> OMX/mlmex/m/n on input line 34.
LaTeX Font Info:    Overwriting math alphabet `\mathbf' in version `normal'
(Font)                  OT1/cmr/bx/n --> OT1/mlmr/bx/n on input line 36.
LaTeX Font Info:    Overwriting math alphabet `\mathsf' in version `normal'
(Font)                  OT1/cmss/m/n --> OT1/mlmss/m/n on input line 37.
LaTeX Font Info:    Overwriting math alphabet `\mathit' in version `normal'
(Font)                  OT1/cmr/m/it --> OT1/mlmr/m/it on input line 38.
LaTeX Font Info:    Overwriting math alphabet `\mathtt' in version `normal'
(Font)                  OT1/cmtt/m/n --> OT1/mlmtt/m/n on input line 39.
LaTeX Font Info:    Overwriting math alphabet `\mathbf' in version `bold'
(Font)                  OT1/cmr/bx/n --> OT1/mlmr/bx/n on input line 40.
LaTeX Font Info:    Overwriting math alphabet `\mathsf' in version `bold'
(Font)                  OT1/cmss/bx/n --> OT1/mlmss/bx/n on input line 41.
LaTeX Font Info:    Overwriting math alphabet `\mathit' in version `bold'
(Font)                  OT1/cmr/bx/it --> OT1/mlmr/bx/it on input line 42.
LaTeX Font Info:    Overwriting math alphabet `\mathtt' in version `bold'
(Font)                  OT1/cmtt/m/n --> OT1/mlmtt/m/n on input line 43.
) (/usr/local/texlive/2026/texmf-dist/tex/latex/was/upgreek.sty
Package: upgreek 2003/02/12 v2.0 (WaS)
Package upgreek Info: Using Euler Roman for upright Greek on input line 31.
\symugrf@m=\mathgroup4
LaTeX Font Info:    Overwriting symbol font `ugrf@m' in version `bold'
(Font)                  U/eur/m/n --> U/eur/b/n on input line 38.
) (/usr/local/texlive/2026/texmf-dist/tex/latex/emf/emf.sty
Package: emf 2016/09/09. V. 1. Support for EMF symbols (Palle Joergensen)
(/usr/local/texlive/2026/texmf-dist/tex/latex/xkeyval/xkeyval.sty
Package: xkeyval 2025/11/04 v2.10 package option processing (HA)
(/usr/local/texlive/2026/texmf-dist/tex/generic/xkeyval/xkeyval.tex (/usr/local
/texlive/2026/texmf-dist/tex/generic/xkeyval/xkvutils.tex
\XKV@toks=\toks25
\XKV@tempa@toks=\toks26
\XKV@tempb@toks=\toks27
)
\XKV@depth=\count307
File: xkeyval.tex 2014/12/03 v2.7a key=value parser (HA)
))
LaTeX Font Info:    Overwriting math alphabet `\mathemf' in version `bold'
(Font)                  U/BOONDOX-cal/m/n --> U/BOONDOX-cal/b/n on input line 9
0.
LaTeX Font Info:    Redeclaring math alphabet \mathemf on input line 92.
LaTeX Font Info:    Overwriting math alphabet `\mathemf' in version `normal'
(Font)                  U/BOONDOX-cal/m/n --> U/BOONDOX-cal/m/n on input line 9
2.
LaTeX Font Info:    Overwriting math alphabet `\mathemf' in version `bold'
(Font)                  U/BOONDOX-cal/b/n --> U/BOONDOX-cal/m/n on input line 9
2.
LaTeX Font Info:    Overwriting math alphabet `\mathemf' in version `bold'
(Font)                  U/BOONDOX-cal/m/n --> U/BOONDOX-cal/b/n on input line 9
2.
) (/usr/local/texlive/2026/texmf-dist/tex/latex/mhchem/mhchem.sty
Package: mhchem 2024/01/29 v4.10 for typesetting chemical formulae
(/usr/local/texlive/2026/texmf-dist/tex/latex/l3kernel/expl3.sty
Package: expl3 2026-03-20 L3 programming layer (loader) 
(/usr/local/texlive/2026/texmf-dist/tex/latex/l3backend/l3backend-pdftex.def
File: l3backend-pdftex.def 2026-02-18 L3 backend support: PDF output (pdfTeX)
\l__color_backend_stack_int=\count308
)) (/usr/local/texlive/2026/texmf-dist/tex/latex/l3packages/l3keys2e/l3keys2e.s
ty
Package: l3keys2e 2025-10-09 LaTeX2e option processing using LaTeX3 keys
) (/usr/local/texlive/2026/texmf-dist/tex/latex/tools/calc.sty
Package: calc 2025/03/01 v4.3b Infix arithmetic (KKT,FJ)
\calc@Acount=\count309
\calc@Bcount=\count310
\calc@Adimen=\dimen181
\calc@Bdimen=\dimen182
\calc@Askip=\skip62
\calc@Bskip=\skip63
LaTeX Info: Redefining \setlength on input line 86.
LaTeX Info: Redefining \addtolength on input line 87.
\calc@Ccount=\count311
\calc@Cskip=\skip64
) (/usr/local/texlive/2026/texmf-dist/tex/latex/amsmath/amsmath.sty
Package: amsmath 2025/07/09 v2.17z AMS math features
\@mathmargin=\skip65
For additional information on amsmath, use the `?' option.
(/usr/local/texlive/2026/texmf-dist/tex/latex/amsmath/amsbsy.sty
Package: amsbsy 1999/11/29 v1.2d Bold Symbols
\pmbraise@=\dimen183
) (/usr/local/texlive/2026/texmf-dist/tex/latex/amsmath/amsopn.sty
Package: amsopn 2022/04/08 v2.04 operator names
)
\inf@bad=\count312
LaTeX Info: Redefining \frac on input line 233.
\uproot@=\count313
\leftroot@=\count314
LaTeX Info: Redefining \overline on input line 398.
LaTeX Info: Redefining \colon on input line 409.
\classnum@=\count315
\DOTSCASE@=\count316
LaTeX Info: Redefining \ldots on input line 495.
LaTeX Info: Redefining \dots on input line 498.
LaTeX Info: Redefining \cdots on input line 619.
\Mathstrutbox@=\box67
\strutbox@=\box68
LaTeX Info: Redefining \big on input line 721.
LaTeX Info: Redefining \Big on input line 722.
LaTeX Info: Redefining \bigg on input line 723.
LaTeX Info: Redefining \Bigg on input line 724.
\big@size=\dimen184
LaTeX Font Info:    Redeclaring font encoding OML on input line 742.
LaTeX Font Info:    Redeclaring font encoding OMS on input line 743.
\macc@depth=\count317
LaTeX Info: Redefining \bmod on input line 904.
LaTeX Info: Redefining \pmod on input line 909.
LaTeX Info: Redefining \smash on input line 939.
LaTeX Info: Redefining \relbar on input line 969.
LaTeX Info: Redefining \Relbar on input line 970.
\c@MaxMatrixCols=\count318
\dotsspace@=\muskip17
\c@parentequation=\count319
\dspbrk@lvl=\count320
\tag@help=\toks28
\row@=\count321
\column@=\count322
\maxfields@=\count323
\andhelp@=\toks29
\eqnshift@=\dimen185
\alignsep@=\dimen186
\tagshift@=\dimen187
\tagwidth@=\dimen188
\totwidth@=\dimen189
\lineht@=\dimen190
\@envbody=\toks30
\multlinegap=\skip66
\multlinetaggap=\skip67
\mathdisplay@stack=\toks31
LaTeX Info: Redefining \[ on input line 2950.
LaTeX Info: Redefining \] on input line 2951.
) (/usr/local/texlive/2026/texmf-dist/tex/latex/chemgreek/chemgreek.sty (/usr/l
ocal/texlive/2026/texmf-dist/tex/latex/l3packages/xparse/xparse.sty
Package: xparse 2025-10-09 L3 Experimental document command parser
)
Package: chemgreek 2020/01/16 v1.1a interface for upright Greek letters for use
 in chemistry (CN)
\l__chemgreek_tmpa_int=\count324
\g__chemgreek_tmpa_int=\count325
)
\l__mhchem_ce_distanceFromLastComma_int=\count326
\__mhchem_arrow_extPgfLength_skip=\skip68
\mhchem@minispace@tmp=\skip69
\mhchem@minibackspace@tmp=\skip70
\mhchem@bondwidth=\skip71
\mhchem@bondheight=\skip72
\mhchem@smallbondwidth@tmpA=\skip73
\mhchem@smallbondwidth@tmpB=\skip74
\mhchem@smallbondwidth=\skip75
\mhchem@bondtmp@minussidebearingleft=\skip76
\mhchem@bondtmp@minussidebearingright=\skip77
\l__mhchem_option_version_int=\count327
\mhchem@option@minusmathsidebearingleft=\dimen191
\mhchem@option@minusmathsidebearingright=\dimen192
\mhchem@option@minustextsidebearingleft=\dimen193
\mhchem@option@minustextsidebearingright=\dimen194
) (/usr/local/texlive/2026/texmf-dist/tex/latex/footmisc/footmisc.sty
Package: footmisc 2025/05/09 v7.0b a miscellany of footnote facilities
\FN@temptoken=\toks32
\footnotemargin=\dimen195
Package footmisc Info: Declaring symbol style bringhurst on input line 549.
Package footmisc Info: Declaring symbol style chicago on input line 557.
Package footmisc Info: Declaring symbol style wiley on input line 566.
Package footmisc Info: Declaring symbol style lamport-robust on input line 577.

Package footmisc Info: Declaring symbol style lamport* on input line 597.
Package footmisc Info: Declaring symbol style lamport*-robust on input line 618
.
) (/usr/local/texlive/2026/texmf-dist/tex/latex/pdfpages/pdfpages.sty
Package: pdfpages 2026/03/30 v0.6h Insert pages of external PDF documents (AM)
(/usr/local/texlive/2026/texmf-dist/tex/latex/eso-pic/eso-pic.sty
Package: eso-pic 2025/12/10 v3.0d eso-pic (RN)
\ESO@tempdima=\dimen196
\ESO@tempdimb=\dimen197
(/usr/local/texlive/2026/texmf-dist/tex/latex/xcolor/xcolor.sty
Package: xcolor 2024/09/29 v3.02 LaTeX color extensions (UK)
(/usr/local/texlive/2026/texmf-dist/tex/latex/graphics-cfg/color.cfg
File: color.cfg 2016/01/02 v1.6 sample color configuration
)
Package xcolor Info: Driver file: pdftex.def on input line 274.
(/usr/local/texlive/2026/texmf-dist/tex/latex/graphics/mathcolor.ltx)
Package xcolor Info: Model `cmy' substituted by `cmy0' on input line 1349.
Package xcolor Info: Model `hsb' substituted by `rgb' on input line 1353.
Package xcolor Info: Model `RGB' extended on input line 1365.
Package xcolor Info: Model `HTML' substituted by `rgb' on input line 1367.
Package xcolor Info: Model `Hsb' substituted by `hsb' on input line 1368.
Package xcolor Info: Model `tHsb' substituted by `hsb' on input line 1369.
Package xcolor Info: Model `HSB' substituted by `hsb' on input line 1370.
Package xcolor Info: Model `Gray' substituted by `gray' on input line 1371.
Package xcolor Info: Model `wave' substituted by `hsb' on input line 1372.
))
\AM@pagewidth=\dimen198
\AM@pageheight=\dimen199
\AM@fboxrule=\dimen256
(/usr/local/texlive/2026/texmf-dist/tex/latex/pdfpages/pppdftex.def
File: pppdftex.def 2026/03/30 v0.6h Pdfpages driver for pdfTeX (AM)
)
\pdfpages@includegraphics@status=\count328
\AM@pagebox=\box69
\AM@global@opts=\toks33
\AM@pagecnt=\count329
\AM@toc@title=\toks34
\AM@lof@heading=\toks35
\c@AM@survey=\count330
\AM@templatesizebox=\box70
) (/usr/local/texlive/2026/texmf-dist/tex/latex/tools/verbatim.sty
Package: verbatim 2024-01-22 v1.5x LaTeX2e package for verbatim enhancements
\every@verbatim=\toks36
\verbatim@line=\toks37
\verbatim@in@stream=\read2
) (/usr/local/texlive/2026/texmf-dist/tex/latex/caption/caption.sty
Package: caption 2023/08/05 v3.6o Customizing captions (AR)
(/usr/local/texlive/2026/texmf-dist/tex/latex/caption/caption3.sty
Package: caption3 2023/07/31 v2.4d caption3 kernel (AR)
\caption@tempdima=\dimen257
\captionmargin=\dimen258
\caption@leftmargin=\dimen259
\caption@rightmargin=\dimen260
\caption@width=\dimen261
\caption@indent=\dimen262
\caption@parindent=\dimen263
\caption@hangindent=\dimen264
Package caption Info: Standard document class detected.
)
\c@caption@flags=\count331
\c@continuedfloat=\count332
Package caption Info: float package is loaded.
) (/usr/local/texlive/2026/texmf-dist/tex/latex/hyperref/hyperref.sty
Package: hyperref 2026-01-29 v7.01p Hypertext links for LaTeX
(/usr/local/texlive/2026/texmf-dist/tex/generic/kvdefinekeys/kvdefinekeys.sty
Package: kvdefinekeys 2019-12-19 v1.6 Define keys (HO)
) (/usr/local/texlive/2026/texmf-dist/tex/generic/pdfescape/pdfescape.sty
Package: pdfescape 2019/12/09 v1.15 Implements pdfTeX's escape features (HO)
) (/usr/local/texlive/2026/texmf-dist/tex/latex/hycolor/hycolor.sty
Package: hycolor 2020-01-27 v1.10 Color options for hyperref/bookmark (HO)
) (/usr/local/texlive/2026/texmf-dist/tex/latex/hyperref/nameref.sty
Package: nameref 2026-01-29 v2.58 Cross-referencing by name of section
(/usr/local/texlive/2026/texmf-dist/tex/latex/refcount/refcount.sty
Package: refcount 2019/12/15 v3.6 Data extraction from label references (HO)
)
(/usr/local/texlive/2026/texmf-dist/tex/generic/gettitlestring/gettitlestring.s
ty
Package: gettitlestring 2019/12/15 v1.6 Cleanup title references (HO)
)
\c@section@level=\count333
) (/usr/local/texlive/2026/texmf-dist/tex/generic/stringenc/stringenc.sty
Package: stringenc 2019/11/29 v1.12 Convert strings between diff. encodings (HO
)
)
\@linkdim=\dimen265
\Hy@linkcounter=\count334
\Hy@pagecounter=\count335
(/usr/local/texlive/2026/texmf-dist/tex/latex/hyperref/pd1enc.def
File: pd1enc.def 2026-01-29 v7.01p Hyperref: PDFDocEncoding definition (HO)
Now handling font encoding PD1 ...
... no UTF-8 mapping file for font encoding PD1
) (/usr/local/texlive/2026/texmf-dist/tex/generic/intcalc/intcalc.sty
Package: intcalc 2019/12/15 v1.3 Expandable calculations with integers (HO)
)
\Hy@SavedSpaceFactor=\count336
(/usr/local/texlive/2026/texmf-dist/tex/latex/hyperref/puenc.def
File: puenc.def 2026-01-29 v7.01p Hyperref: PDF Unicode definition (HO)
Now handling font encoding PU ...
... no UTF-8 mapping file for font encoding PU
)
Package hyperref Info: Hyper figures OFF on input line 4201.
Package hyperref Info: Link nesting OFF on input line 4206.
Package hyperref Info: Hyper index ON on input line 4209.
Package hyperref Info: Plain pages OFF on input line 4216.
Package hyperref Info: Backreferencing OFF on input line 4221.
Package hyperref Info: Implicit mode ON; LaTeX internals redefined.
Package hyperref Info: Bookmarks ON on input line 4468.
\c@Hy@tempcnt=\count337
(/usr/local/texlive/2026/texmf-dist/tex/latex/url/url.sty
\Urlmuskip=\muskip18
Package: url 2013/09/16  ver 3.4  Verb mode for urls, etc.
)
LaTeX Info: Redefining \url on input line 4807.
\XeTeXLinkMargin=\dimen266
(/usr/local/texlive/2026/texmf-dist/tex/generic/bitset/bitset.sty
Package: bitset 2019/12/09 v1.3 Handle bit-vector datatype (HO)
(/usr/local/texlive/2026/texmf-dist/tex/generic/bigintcalc/bigintcalc.sty
Package: bigintcalc 2019/12/15 v1.5 Expandable calculations on big integers (HO
)
))
\Fld@menulength=\count338
\Field@Width=\dimen267
\Fld@charsize=\dimen268
Package hyperref Info: Hyper figures OFF on input line 6084.
Package hyperref Info: Link nesting OFF on input line 6089.
Package hyperref Info: Hyper index ON on input line 6092.
Package hyperref Info: backreferencing OFF on input line 6099.
Package hyperref Info: Link coloring OFF on input line 6104.
Package hyperref Info: Link coloring with OCG OFF on input line 6109.
Package hyperref Info: PDF/A mode OFF on input line 6114.
\Hy@abspage=\count339
\c@Item=\count340
\c@Hfootnote=\count341
)
Package hyperref Info: Driver (autodetected): hpdftex.
(/usr/local/texlive/2026/texmf-dist/tex/latex/hyperref/hpdftex.def
File: hpdftex.def 2026-01-29 v7.01p Hyperref driver for pdfTeX
\Fld@listcount=\count342
\c@bookmark@seq@number=\count343

(/usr/local/texlive/2026/texmf-dist/tex/latex/rerunfilecheck/rerunfilecheck.sty
Package: rerunfilecheck 2025-06-21 v1.11 Rerun checks for auxiliary files (HO)

(/usr/local/texlive/2026/texmf-dist/tex/generic/uniquecounter/uniquecounter.sty
Package: uniquecounter 2019/12/15 v1.4 Provide unlimited unique counter (HO)
)
Package uniquecounter Info: New unique counter `rerunfilecheck' on input line 2
84.
)
\Hy@SectionHShift=\skip78
)
Package hyperref Info: Option `colorlinks' set `true' on input line 46.
(/usr/local/texlive/2026/texmf-dist/tex/latex/cleveref/cleveref.sty
Package: cleveref 2018/03/27 v0.21.4 Intelligent cross-referencing
Package cleveref Info: `hyperref' support loaded on input line 2370.
LaTeX Info: Redefining \cref on input line 2370.
LaTeX Info: Redefining \Cref on input line 2370.
LaTeX Info: Redefining \crefrange on input line 2370.
LaTeX Info: Redefining \Crefrange on input line 2370.
LaTeX Info: Redefining \cpageref on input line 2370.
LaTeX Info: Redefining \Cpageref on input line 2370.
LaTeX Info: Redefining \cpagerefrange on input line 2370.
LaTeX Info: Redefining \Cpagerefrange on input line 2370.
LaTeX Info: Redefining \labelcref on input line 2370.
LaTeX Info: Redefining \labelcpageref on input line 2370.
Package cleveref Info: always capitalise cross-reference names on input line 78
30.
Package cleveref Info: include cross-reference names in hyperlinks on input lin
e 7836.
Package cleveref Info: always capitalise cross-reference names on input line 78
52.
Package cleveref Info: no abbreviation of names on input line 7852.
Package cleveref Info: include cross-reference names in hyperlinks on input lin
e 7852.
)
==> First Aid for cleveref.sty applied!
)
Package translations Info: No language package found. I am going to use `englis
h' as default language. on input line 22.
LaTeX Font Info:    Trying to load font information for OT1+mlmr on input line 
22.
(/usr/local/texlive/2026/texmf-dist/tex/latex/mlmodern/ot1mlmr.fd
File: ot1mlmr.fd 2021/01/11 v1.0 Font defs for mlmodern
) (./equations.aux)
\openout1 = `equations.aux'.

LaTeX Font Info:    Checking defaults for OML/cmm/m/it on input line 22.
LaTeX Font Info:    ... okay on input line 22.
LaTeX Font Info:    Checking defaults for OMS/cmsy/m/n on input line 22.
LaTeX Font Info:    ... okay on input line 22.
LaTeX Font Info:    Checking defaults for OT1/cmr/m/n on input line 22.
LaTeX Font Info:    ... okay on input line 22.
LaTeX Font Info:    Checking defaults for T1/cmr/m/n on input line 22.
LaTeX Font Info:    ... okay on input line 22.
LaTeX Font Info:    Checking defaults for TS1/cmr/m/n on input line 22.
LaTeX Font Info:    ... okay on input line 22.
LaTeX Font Info:    Checking defaults for OMX/cmex/m/n on input line 22.
LaTeX Font Info:    ... okay on input line 22.
LaTeX Font Info:    Checking defaults for U/cmr/m/n on input line 22.
LaTeX Font Info:    ... okay on input line 22.
LaTeX Font Info:    Checking defaults for PD1/pdf/m/n on input line 22.
LaTeX Font Info:    ... okay on input line 22.
LaTeX Font Info:    Checking defaults for PU/pdf/m/n on input line 22.
LaTeX Font Info:    ... okay on input line 22.
LaTeX Info: Redefining \microtypecontext on input line 22.
Package microtype Info: Applying patch `item' on input line 22.
Package microtype Info: Applying patch `toc' on input line 22.
Package microtype Info: Applying patch `eqnum' on input line 22.
Package microtype Info: Applying patch `footnote' on input line 22.
Package microtype Info: Applying patch `verbatim' on input line 22.
LaTeX Info: Redefining \microtypesetup on input line 22.
Package microtype Info: Generating PDF output.
Package microtype Info: Character protrusion enabled (level 2).
Package microtype Info: Using default protrusion set `alltext'.
Package microtype Info: Automatic font expansion enabled (level 2),
(microtype)             stretch: 20, shrink: 20, step: 1, non-selected.
Package microtype Info: Using default expansion set `alltext-nott'.
Package microtype Info: Patching command `\showhyphens'.
Package microtype Info: No adjustment of tracking.
Package microtype Info: No adjustment of interword spacing.
Package microtype Info: No adjustment of character kerning.
(/usr/local/texlive/2026/texmf-dist/tex/latex/microtype/mt-cmr.cfg
File: mt-cmr.cfg 2013/05/19 v2.2 microtype config. file: Computer Modern Roman 
(RS)
) (/usr/local/texlive/2026/texmf-dist/tex/context/base/mkii/supp-pdf.mkii
[Loading MPS to PDF converter (version 2006.09.02).]
\scratchcounter=\count344
\scratchdimen=\dimen269
\scratchbox=\box71
\nofMPsegments=\count345
\nofMParguments=\count346
\everyMPshowfont=\toks38
\MPscratchCnt=\count347
\MPscratchDim=\dimen270
\MPnumerator=\count348
\makeMPintoPDFobject=\count349
\everyMPtoPDFconversion=\toks39
) (/usr/local/texlive/2026/texmf-dist/tex/latex/epstopdf-pkg/epstopdf-base.sty
Package: epstopdf-base 2020-01-24 v2.11 Base part for package epstopdf
(/usr/local/texlive/2026/texmf-dist/tex/latex/grfext/grfext.sty
Package: grfext 2019/12/03 v1.3 Manage graphics extensions (HO)
)
Package epstopdf-base Info: Redefining graphics rule for `.eps' on input line 4
85.
Package grfext Info: Graphics extension search list:
(grfext)             [.pdf,.png,.jpg,.mps,.jpeg,.jbig2,.jb2,.PDF,.PNG,.JPG,.JPE
G,.JBIG2,.JB2,.eps]
(grfext)             \AppendGraphicsExtensions on input line 504.
(/usr/local/texlive/2026/texmf-dist/tex/latex/latexconfig/epstopdf-sys.cfg
File: epstopdf-sys.cfg 2010/07/13 v1.3 Configuration of (r)epstopdf for TeX Liv
e
))
(/usr/local/texlive/2026/texmf-dist/tex/latex/translations/translations-basic-d
ictionary-english.trsl
File: translations-basic-dictionary-english.trsl (english translation file `tra
nslations-basic-dictionary')
)
Package translations Info: loading dictionary `translations-basic-dictionary' f
or `english'. on input line 22.

Package chemgreek Info: Activating mapping `upgreek' on line 22.

(/usr/local/texlive/2026/texmf-dist/tex/latex/pdflscape/pdflscape.sty
Package: pdflscape 2025-06-23 v0.14 Display of landscape pages in PDF

(/usr/local/texlive/2026/texmf-dist/tex/latex/pdflscape/pdflscape-nometadata.st
y
Package: pdflscape-nometadata 2025-06-23 v0.14 Display of landscape pages in PD
F (HO)
(/usr/local/texlive/2026/texmf-dist/tex/latex/graphics/lscape.sty
Package: lscape 2020/05/28 v3.02 Landscape Pages (DPC)
)
Package pdflscape Info: Auto-detected driver: pdftex on input line 81.
))
Package caption Info: Begin \AtBeginDocument code.
Package caption Info: hyperref package is loaded.
Package caption Info: End \AtBeginDocument code.
Package hyperref Info: Link coloring ON on input line 22.
(./equations.out) (./equations.out)
\@outlinefile=\write3
\openout3 = `equations.out'.

LaTeX Font Info:    Trying to load font information for OML+mlmm on input line 
37.
(/usr/local/texlive/2026/texmf-dist/tex/latex/mlmodern/omlmlmm.fd
File: omlmlmm.fd 2021/01/11 v1.0 Font defs for mlmodern
)
LaTeX Font Info:    Trying to load font information for OMS+mlmsy on input line
 37.
(/usr/local/texlive/2026/texmf-dist/tex/latex/mlmodern/omsmlmsy.fd
File: omsmlmsy.fd 2021/01/11 v1.0 Font defs for mlmodern
)
LaTeX Font Info:    Trying to load font information for OMX+mlmex on input line
 37.
(/usr/local/texlive/2026/texmf-dist/tex/latex/mlmodern/omxmlmex.fd
File: omxmlmex.fd 2021/01/11 v1.0 Font defs for mlmodern
)
LaTeX Font Info:    External font `mlmex10' loaded for size
(Font)              <12> on input line 37.
LaTeX Font Info:    External font `mlmex10' loaded for size
(Font)              <8> on input line 37.
LaTeX Font Info:    External font `mlmex10' loaded for size
(Font)              <6> on input line 37.
(/usr/local/texlive/2026/texmf-dist/tex/latex/microtype/mt-eur.cfg
File: mt-eur.cfg 2006/07/31 v1.1 microtype config. file: AMS Euler Roman (RS)
) (./equations.toc
LaTeX Font Info:    External font `mlmex10' loaded for size
(Font)              <10> on input line 5.
LaTeX Font Info:    External font `mlmex10' loaded for size
(Font)              <7> on input line 5.
LaTeX Font Info:    External font `mlmex10' loaded for size
(Font)              <5> on input line 5.
[1

{/usr/local/texlive/2026/texmf-var/fonts/map/pdftex/updmap/pdftex.map}{/usr/loc
al/texlive/2026/texmf-dist/fonts/enc/dvips/lm/lm-rm.enc}])
\tf@toc=\write4
\openout4 = `equations.toc'.

[2] [3{/usr/local/texlive/2026/texmf-dist/fonts/enc/dvips/lm/lm-mathsy.enc}{/us
r/local/texlive/2026/texmf-dist/fonts/enc/dvips/lm/lm-mathex.enc}{/usr/local/te
xlive/2026/texmf-dist/fonts/enc/dvips/lm/lm-mathit.enc}{/usr/local/texlive/2026
/texmf-dist/fonts/enc/dvips/lm/lm-rmsc.enc}] [4]
LaTeX Font Info:    Trying to load font information for TS1+mlmr on input line 
244.
(/usr/local/texlive/2026/texmf-dist/tex/latex/mlmodern/ts1mlmr.fd
File: ts1mlmr.fd 2021/01/11 v1.0 Font defs for mlmodern
) [5{/usr/local/texlive/2026/texmf-dist/fonts/enc/dvips/lm/lm-ts1.enc}] [6] [7]
[8] [9]
LaTeX Font Info:    Trying to load font information for U+BOONDOX-cal on input 
line 619.
(/usr/local/texlive/2026/texmf-dist/tex/latex/boondox/uboondox-cal.fd
File: uboondox-cal.fd 2011/04/26 Fontinst v1.933 font definitions for U/BOONDOX
-cal.
)
LaTeX Font Info:    Font shape `U/BOONDOX-cal/m/n' will be
(Font)              scaled to size 11.00006pt on input line 619.
LaTeX Font Info:    Font shape `U/BOONDOX-cal/m/n' will be
(Font)              scaled to size 7.70004pt on input line 619.
LaTeX Font Info:    Font shape `U/BOONDOX-cal/m/n' will be
(Font)              scaled to size 5.50003pt on input line 619.
[10] [11] [12] (./kinetics/0/0a/mygraph.tex
\gptboxheight=\skip79
\gptboxwidth=\skip80
\gptboxtext=\box72
<kinetics/0/0a/mygraph.pdf, id=231, 234.8775pt x 163.61125pt>
File: kinetics/0/0a/mygraph.pdf Graphic file (type pdf)
<use kinetics/0/0a/mygraph.pdf>
Package pdftex.def Info: kinetics/0/0a/mygraph.pdf  used on input line 126.
(pdftex.def)             Requested size: 234.87692pt x 163.61084pt.
) (./kinetics/0/0b/mygraph.tex
<kinetics/0/0b/mygraph.pdf, id=232, 234.8775pt x 163.61125pt>
File: kinetics/0/0b/mygraph.pdf Graphic file (type pdf)
<use kinetics/0/0b/mygraph.pdf>
Package pdftex.def Info: kinetics/0/0b/mygraph.pdf  used on input line 126.
(pdftex.def)             Requested size: 234.87692pt x 163.61084pt.
) (./kinetics/0/0c/mygraph.tex
<kinetics/0/0c/mygraph.pdf, id=233, 234.8775pt x 163.61125pt>
File: kinetics/0/0c/mygraph.pdf Graphic file (type pdf)
<use kinetics/0/0c/mygraph.pdf>
Package pdftex.def Info: kinetics/0/0c/mygraph.pdf  used on input line 124.
(pdftex.def)             Requested size: 234.87692pt x 163.61084pt.
) [13 <./kinetics/0/0a/mygraph.pdf> <./kinetics/0/0b/mygraph.pdf> <./kinetics/0
/0c/mygraph.pdf>] (./kinetics/1/1a/mygraph.tex
<kinetics/1/1a/mygraph.pdf, id=246, 234.8775pt x 163.61125pt>
File: kinetics/1/1a/mygraph.pdf Graphic file (type pdf)
<use kinetics/1/1a/mygraph.pdf>
Package pdftex.def Info: kinetics/1/1a/mygraph.pdf  used on input line 124.
(pdftex.def)             Requested size: 234.87692pt x 163.61084pt.
) (./kinetics/1/1b/mygraph.tex
<kinetics/1/1b/mygraph.pdf, id=247, 234.8775pt x 163.61125pt>
File: kinetics/1/1b/mygraph.pdf Graphic file (type pdf)
<use kinetics/1/1b/mygraph.pdf>
Package pdftex.def Info: kinetics/1/1b/mygraph.pdf  used on input line 134.
(pdftex.def)             Requested size: 234.87692pt x 163.61084pt.
) (./kinetics/1/1c/mygraph.tex
<kinetics/1/1c/mygraph.pdf, id=248, 234.8775pt x 163.61125pt>
File: kinetics/1/1c/mygraph.pdf Graphic file (type pdf)
<use kinetics/1/1c/mygraph.pdf>
Package pdftex.def Info: kinetics/1/1c/mygraph.pdf  used on input line 130.
(pdftex.def)             Requested size: 234.87692pt x 163.61084pt.
) [14 <./kinetics/1/1a/mygraph.pdf> <./kinetics/1/1b/mygraph.pdf> <./kinetics/1
/1c/mygraph.pdf>] (./kinetics/2/2a/mygraph.tex
<kinetics/2/2a/mygraph.pdf, id=260, 234.8775pt x 163.61125pt>
File: kinetics/2/2a/mygraph.pdf Graphic file (type pdf)
<use kinetics/2/2a/mygraph.pdf>
Package pdftex.def Info: kinetics/2/2a/mygraph.pdf  used on input line 122.
(pdftex.def)             Requested size: 234.87692pt x 163.61084pt.
) (./kinetics/2/2b/mygraph.tex
<kinetics/2/2b/mygraph.pdf, id=261, 234.8775pt x 163.61125pt>
File: kinetics/2/2b/mygraph.pdf Graphic file (type pdf)
<use kinetics/2/2b/mygraph.pdf>
Package pdftex.def Info: kinetics/2/2b/mygraph.pdf  used on input line 124.
(pdftex.def)             Requested size: 234.87692pt x 163.61084pt.
) (./kinetics/2/2c/mygraph.tex
<kinetics/2/2c/mygraph.pdf, id=262, 234.8775pt x 163.61125pt>
File: kinetics/2/2c/mygraph.pdf Graphic file (type pdf)
<use kinetics/2/2c/mygraph.pdf>
Package pdftex.def Info: kinetics/2/2c/mygraph.pdf  used on input line 128.
(pdftex.def)             Requested size: 234.87692pt x 163.61084pt.
) [15 <./kinetics/2/2a/mygraph.pdf> <./kinetics/2/2b/mygraph.pdf> <./kinetics/2
/2c/mygraph.pdf>] [16] [17] [18] [19]
Overfull \hbox (59.60487pt too wide) in paragraph at lines 1026--1026
[]|$[]$|  
 []


Overfull \hbox (53.96591pt too wide) in paragraph at lines 1034--1034
[]|$[]$|  
 []

<stats_primer.pdf, id=293, 614.295pt x 794.97pt>
File: stats_primer.pdf Graphic file (type pdf)
<use stats_primer.pdf>
Package pdftex.def Info: stats_primer.pdf  used on input line 1087.
(pdftex.def)             Requested size: 614.29349pt x 794.96806pt.
<stats_primer.pdf, id=295, page=1, 614.295pt x 794.97pt>
File: stats_primer.pdf Graphic file (type pdf)
<use stats_primer.pdf, page 1>
Package pdftex.def Info: stats_primer.pdf , page1 used on input line 1087.
(pdftex.def)             Requested size: 614.29349pt x 794.96806pt.
File: stats_primer.pdf Graphic file (type pdf)
<use stats_primer.pdf, page 1>
Package pdftex.def Info: stats_primer.pdf , page1 used on input line 1087.
(pdftex.def)             Requested size: 614.58406pt x 795.3441pt.
[20]
File: stats_primer.pdf Graphic file (type pdf)
<use stats_primer.pdf, page 1>
Package pdftex.def Info: stats_primer.pdf , page1 used on input line 1087.
(pdftex.def)             Requested size: 614.58406pt x 795.3441pt.
File: stats_primer.pdf Graphic file (type pdf)
<use stats_primer.pdf, page 1>
Package pdftex.def Info: stats_primer.pdf , page1 used on input line 1087.
(pdftex.def)             Requested size: 614.58406pt x 795.3441pt.
File: stats_primer.pdf Graphic file (type pdf)
<use stats_primer.pdf, page 1>
Package pdftex.def Info: stats_primer.pdf , page1 used on input line 1087.
(pdftex.def)             Requested size: 614.58406pt x 795.3441pt.
[21

 <./stats_primer.pdf>]
<stats_primer.pdf, id=343, page=2, 614.295pt x 794.97pt>
File: stats_primer.pdf Graphic file (type pdf)
<use stats_primer.pdf, page 2>
Package pdftex.def Info: stats_primer.pdf , page2 used on input line 1087.
(pdftex.def)             Requested size: 614.58406pt x 795.3441pt.
File: stats_primer.pdf Graphic file (type pdf)
<use stats_primer.pdf, page 2>
Package pdftex.def Info: stats_primer.pdf , page2 used on input line 1087.
(pdftex.def)             Requested size: 614.58406pt x 795.3441pt.
File: stats_primer.pdf Graphic file (type pdf)
<use stats_primer.pdf, page 2>
Package pdftex.def Info: stats_primer.pdf , page2 used on input line 1087.
(pdftex.def)             Requested size: 614.58406pt x 795.3441pt.
[22

 <./stats_primer.pdf>]
<stats_primer.pdf, id=372, page=3, 614.295pt x 794.97pt>
File: stats_primer.pdf Graphic file (type pdf)
<use stats_primer.pdf, page 3>
Package pdftex.def Info: stats_primer.pdf , page3 used on input line 1087.
(pdftex.def)             Requested size: 614.58406pt x 795.3441pt.
File: stats_primer.pdf Graphic file (type pdf)
<use stats_primer.pdf, page 3>
Package pdftex.def Info: stats_primer.pdf , page3 used on input line 1087.
(pdftex.def)             Requested size: 614.58406pt x 795.3441pt.
File: stats_primer.pdf Graphic file (type pdf)
<use stats_primer.pdf, page 3>
Package pdftex.def Info: stats_primer.pdf , page3 used on input line 1087.
(pdftex.def)             Requested size: 614.58406pt x 795.3441pt.
[23

 <./stats_primer.pdf>]
<stats_primer.pdf, id=389, page=4, 614.295pt x 794.97pt>
File: stats_primer.pdf Graphic file (type pdf)
<use stats_primer.pdf, page 4>
Package pdftex.def Info: stats_primer.pdf , page4 used on input line 1087.
(pdftex.def)             Requested size: 614.58406pt x 795.3441pt.
File: stats_primer.pdf Graphic file (type pdf)
<use stats_primer.pdf, page 4>
Package pdftex.def Info: stats_primer.pdf , page4 used on input line 1087.
(pdftex.def)             Requested size: 614.58406pt x 795.3441pt.
File: stats_primer.pdf Graphic file (type pdf)
<use stats_primer.pdf, page 4>
Package pdftex.def Info: stats_primer.pdf , page4 used on input line 1087.
(pdftex.def)             Requested size: 614.58406pt x 795.3441pt.
[24

 <./stats_primer.pdf>]
<stats_primer.pdf, id=394, page=5, 614.295pt x 794.97pt>
File: stats_primer.pdf Graphic file (type pdf)
<use stats_primer.pdf, page 5>
Package pdftex.def Info: stats_primer.pdf , page5 used on input line 1087.
(pdftex.def)             Requested size: 614.58406pt x 795.3441pt.
File: stats_primer.pdf Graphic file (type pdf)
<use stats_primer.pdf, page 5>
Package pdftex.def Info: stats_primer.pdf , page5 used on input line 1087.
(pdftex.def)             Requested size: 614.58406pt x 795.3441pt.
File: stats_primer.pdf Graphic file (type pdf)
<use stats_primer.pdf, page 5>
Package pdftex.def Info: stats_primer.pdf , page5 used on input line 1087.
(pdftex.def)             Requested size: 614.58406pt x 795.3441pt.
[25

 <./stats_primer.pdf>]
<stats_primer.pdf, id=400, page=6, 614.295pt x 794.97pt>
File: stats_primer.pdf Graphic file (type pdf)
<use stats_primer.pdf, page 6>
Package pdftex.def Info: stats_primer.pdf , page6 used on input line 1087.
(pdftex.def)             Requested size: 614.58406pt x 795.3441pt.
File: stats_primer.pdf Graphic file (type pdf)
<use stats_primer.pdf, page 6>
Package pdftex.def Info: stats_primer.pdf , page6 used on input line 1087.
(pdftex.def)             Requested size: 614.58406pt x 795.3441pt.
File: stats_primer.pdf Graphic file (type pdf)
<use stats_primer.pdf, page 6>
Package pdftex.def Info: stats_primer.pdf , page6 used on input line 1087.
(pdftex.def)             Requested size: 614.58406pt x 795.3441pt.
[26

 <./stats_primer.pdf>]
<stats_primer.pdf, id=405, page=7, 614.295pt x 794.97pt>
File: stats_primer.pdf Graphic file (type pdf)
<use stats_primer.pdf, page 7>
Package pdftex.def Info: stats_primer.pdf , page7 used on input line 1087.
(pdftex.def)             Requested size: 614.58406pt x 795.3441pt.
File: stats_primer.pdf Graphic file (type pdf)
<use stats_primer.pdf, page 7>
Package pdftex.def Info: stats_primer.pdf , page7 used on input line 1087.
(pdftex.def)             Requested size: 614.58406pt x 795.3441pt.
File: stats_primer.pdf Graphic file (type pdf)
<use stats_primer.pdf, page 7>
Package pdftex.def Info: stats_primer.pdf , page7 used on input line 1087.
(pdftex.def)             Requested size: 614.58406pt x 795.3441pt.
[27

 <./stats_primer.pdf>]
<stats_primer.pdf, id=422, page=8, 614.295pt x 794.97pt>
File: stats_primer.pdf Graphic file (type pdf)
<use stats_primer.pdf, page 8>
Package pdftex.def Info: stats_primer.pdf , page8 used on input line 1087.
(pdftex.def)             Requested size: 614.58406pt x 795.3441pt.
File: stats_primer.pdf Graphic file (type pdf)
<use stats_primer.pdf, page 8>
Package pdftex.def Info: stats_primer.pdf , page8 used on input line 1087.
(pdftex.def)             Requested size: 614.58406pt x 795.3441pt.
File: stats_primer.pdf Graphic file (type pdf)
<use stats_primer.pdf, page 8>
Package pdftex.def Info: stats_primer.pdf , page8 used on input line 1087.
(pdftex.def)             Requested size: 614.58406pt x 795.3441pt.
[28

 <./stats_primer.pdf>]
<stats_primer.pdf, id=433, page=9, 614.295pt x 794.97pt>
File: stats_primer.pdf Graphic file (type pdf)
<use stats_primer.pdf, page 9>
Package pdftex.def Info: stats_primer.pdf , page9 used on input line 1087.
(pdftex.def)             Requested size: 614.58406pt x 795.3441pt.
File: stats_primer.pdf Graphic file (type pdf)
<use stats_primer.pdf, page 9>
Package pdftex.def Info: stats_primer.pdf , page9 used on input line 1087.
(pdftex.def)             Requested size: 614.58406pt x 795.3441pt.
File: stats_primer.pdf Graphic file (type pdf)
<use stats_primer.pdf, page 9>
Package pdftex.def Info: stats_primer.pdf , page9 used on input line 1087.
(pdftex.def)             Requested size: 614.58406pt x 795.3441pt.
[29

 <./stats_primer.pdf>]
<stats_primer.pdf, id=444, page=10, 614.295pt x 794.97pt>
File: stats_primer.pdf Graphic file (type pdf)
<use stats_primer.pdf, page 10>
Package pdftex.def Info: stats_primer.pdf , page10 used on input line 1087.
(pdftex.def)             Requested size: 614.58406pt x 795.3441pt.
File: stats_primer.pdf Graphic file (type pdf)
<use stats_primer.pdf, page 10>
Package pdftex.def Info: stats_primer.pdf , page10 used on input line 1087.
(pdftex.def)             Requested size: 614.58406pt x 795.3441pt.
File: stats_primer.pdf Graphic file (type pdf)
<use stats_primer.pdf, page 10>
Package pdftex.def Info: stats_primer.pdf , page10 used on input line 1087.
(pdftex.def)             Requested size: 614.58406pt x 795.3441pt.
[30

 <./stats_primer.pdf>]
<stats_primer.pdf, id=449, page=11, 614.295pt x 794.97pt>
File: stats_primer.pdf Graphic file (type pdf)
<use stats_primer.pdf, page 11>
Package pdftex.def Info: stats_primer.pdf , page11 used on input line 1087.
(pdftex.def)             Requested size: 614.58406pt x 795.3441pt.
File: stats_primer.pdf Graphic file (type pdf)
<use stats_primer.pdf, page 11>
Package pdftex.def Info: stats_primer.pdf , page11 used on input line 1087.
(pdftex.def)             Requested size: 614.58406pt x 795.3441pt.
File: stats_primer.pdf Graphic file (type pdf)
<use stats_primer.pdf, page 11>
Package pdftex.def Info: stats_primer.pdf , page11 used on input line 1087.
(pdftex.def)             Requested size: 614.58406pt x 795.3441pt.
[31

 <./stats_primer.pdf>]
<stats_primer.pdf, id=455, page=12, 614.295pt x 794.97pt>
File: stats_primer.pdf Graphic file (type pdf)
<use stats_primer.pdf, page 12>
Package pdftex.def Info: stats_primer.pdf , page12 used on input line 1087.
(pdftex.def)             Requested size: 614.58406pt x 795.3441pt.
File: stats_primer.pdf Graphic file (type pdf)
<use stats_primer.pdf, page 12>
Package pdftex.def Info: stats_primer.pdf , page12 used on input line 1087.
(pdftex.def)             Requested size: 614.58406pt x 795.3441pt.
File: stats_primer.pdf Graphic file (type pdf)
<use stats_primer.pdf, page 12>
Package pdftex.def Info: stats_primer.pdf , page12 used on input line 1087.
(pdftex.def)             Requested size: 614.58406pt x 795.3441pt.
[32

 <./stats_primer.pdf>]
<stats_primer.pdf, id=460, page=13, 614.295pt x 794.97pt>
File: stats_primer.pdf Graphic file (type pdf)
<use stats_primer.pdf, page 13>
Package pdftex.def Info: stats_primer.pdf , page13 used on input line 1087.
(pdftex.def)             Requested size: 614.58406pt x 795.3441pt.
File: stats_primer.pdf Graphic file (type pdf)
<use stats_primer.pdf, page 13>
Package pdftex.def Info: stats_primer.pdf , page13 used on input line 1087.
(pdftex.def)             Requested size: 614.58406pt x 795.3441pt.
File: stats_primer.pdf Graphic file (type pdf)
<use stats_primer.pdf, page 13>
Package pdftex.def Info: stats_primer.pdf , page13 used on input line 1087.
(pdftex.def)             Requested size: 614.58406pt x 795.3441pt.
[33

 <./stats_primer.pdf>]
<stats_primer.pdf, id=465, page=14, 614.295pt x 794.97pt>
File: stats_primer.pdf Graphic file (type pdf)
<use stats_primer.pdf, page 14>
Package pdftex.def Info: stats_primer.pdf , page14 used on input line 1087.
(pdftex.def)             Requested size: 614.58406pt x 795.3441pt.
File: stats_primer.pdf Graphic file (type pdf)
<use stats_primer.pdf, page 14>
Package pdftex.def Info: stats_primer.pdf , page14 used on input line 1087.
(pdftex.def)             Requested size: 614.58406pt x 795.3441pt.
File: stats_primer.pdf Graphic file (type pdf)
<use stats_primer.pdf, page 14>
Package pdftex.def Info: stats_primer.pdf , page14 used on input line 1087.
(pdftex.def)             Requested size: 614.58406pt x 795.3441pt.
[34

 <./stats_primer.pdf>]
<stats_primer.pdf, id=477, page=15, 614.295pt x 794.97pt>
File: stats_primer.pdf Graphic file (type pdf)
<use stats_primer.pdf, page 15>
Package pdftex.def Info: stats_primer.pdf , page15 used on input line 1087.
(pdftex.def)             Requested size: 614.58406pt x 795.3441pt.
File: stats_primer.pdf Graphic file (type pdf)
<use stats_primer.pdf, page 15>
Package pdftex.def Info: stats_primer.pdf , page15 used on input line 1087.
(pdftex.def)             Requested size: 614.58406pt x 795.3441pt.
File: stats_primer.pdf Graphic file (type pdf)
<use stats_primer.pdf, page 15>
Package pdftex.def Info: stats_primer.pdf , page15 used on input line 1087.
(pdftex.def)             Requested size: 614.58406pt x 795.3441pt.
[35

 <./stats_primer.pdf>]
<stats_primer.pdf, id=482, page=16, 614.295pt x 794.97pt>
File: stats_primer.pdf Graphic file (type pdf)
<use stats_primer.pdf, page 16>
Package pdftex.def Info: stats_primer.pdf , page16 used on input line 1087.
(pdftex.def)             Requested size: 614.58406pt x 795.3441pt.
File: stats_primer.pdf Graphic file (type pdf)
<use stats_primer.pdf, page 16>
Package pdftex.def Info: stats_primer.pdf , page16 used on input line 1087.
(pdftex.def)             Requested size: 614.58406pt x 795.3441pt.
File: stats_primer.pdf Graphic file (type pdf)
<use stats_primer.pdf, page 16>
Package pdftex.def Info: stats_primer.pdf , page16 used on input line 1087.
(pdftex.def)             Requested size: 614.58406pt x 795.3441pt.
[36

 <./stats_primer.pdf>]
<datasheet.pdf, id=490, 614.295pt x 845.87883pt>
File: datasheet.pdf Graphic file (type pdf)
<use datasheet.pdf>
Package pdftex.def Info: datasheet.pdf  used on input line 1101.
(pdftex.def)             Requested size: 614.29349pt x 845.87677pt.
<datasheet.pdf, id=492, page=1, 614.295pt x 845.87883pt>
File: datasheet.pdf Graphic file (type pdf)
<use datasheet.pdf, page 1>
Package pdftex.def Info: datasheet.pdf , page1 used on input line 1101.
(pdftex.def)             Requested size: 614.29349pt x 845.87677pt.
File: datasheet.pdf Graphic file (type pdf)
<use datasheet.pdf, page 1>
Package pdftex.def Info: datasheet.pdf , page1 used on input line 1101.
(pdftex.def)             Requested size: 577.9154pt x 795.78448pt.
File: datasheet.pdf Graphic file (type pdf)
<use datasheet.pdf, page 1>
Package pdftex.def Info: datasheet.pdf , page1 used on input line 1101.
(pdftex.def)             Requested size: 577.9154pt x 795.78448pt.
File: datasheet.pdf Graphic file (type pdf)
<use datasheet.pdf, page 1>
Package pdftex.def Info: datasheet.pdf , page1 used on input line 1101.
(pdftex.def)             Requested size: 577.9154pt x 795.78448pt.
File: datasheet.pdf Graphic file (type pdf)
<use datasheet.pdf, page 1>
Package pdftex.def Info: datasheet.pdf , page1 used on input line 1101.
(pdftex.def)             Requested size: 577.9154pt x 795.78448pt.
[37

 <./datasheet.pdf>]
<datasheet.pdf, id=566, page=2, 614.295pt x 845.87883pt>
File: datasheet.pdf Graphic file (type pdf)
<use datasheet.pdf, page 2>
Package pdftex.def Info: datasheet.pdf , page2 used on input line 1101.
(pdftex.def)             Requested size: 577.9154pt x 795.78448pt.
File: datasheet.pdf Graphic file (type pdf)
<use datasheet.pdf, page 2>
Package pdftex.def Info: datasheet.pdf , page2 used on input line 1101.
(pdftex.def)             Requested size: 577.9154pt x 795.78448pt.
File: datasheet.pdf Graphic file (type pdf)
<use datasheet.pdf, page 2>
Package pdftex.def Info: datasheet.pdf , page2 used on input line 1101.
(pdftex.def)             Requested size: 577.9154pt x 795.78448pt.
[38

 <./datasheet.pdf>]
<datasheet.pdf, id=571, page=3, 614.295pt x 794.97pt>
File: datasheet.pdf Graphic file (type pdf)
<use datasheet.pdf, page 3>
Package pdftex.def Info: datasheet.pdf , page3 used on input line 1101.
(pdftex.def)             Requested size: 577.9154pt x 747.89055pt.
File: datasheet.pdf Graphic file (type pdf)
<use datasheet.pdf, page 3>
Package pdftex.def Info: datasheet.pdf , page3 used on input line 1101.
(pdftex.def)             Requested size: 577.9154pt x 747.89055pt.
File: datasheet.pdf Graphic file (type pdf)
<use datasheet.pdf, page 3>
Package pdftex.def Info: datasheet.pdf , page3 used on input line 1101.
(pdftex.def)             Requested size: 577.9154pt x 747.89055pt.
[39

 <./datasheet.pdf>]
<datasheet.pdf, id=584, page=4, 614.295pt x 794.97pt>
File: datasheet.pdf Graphic file (type pdf)
<use datasheet.pdf, page 4>
Package pdftex.def Info: datasheet.pdf , page4 used on input line 1101.
(pdftex.def)             Requested size: 577.9154pt x 747.89055pt.
File: datasheet.pdf Graphic file (type pdf)
<use datasheet.pdf, page 4>
Package pdftex.def Info: datasheet.pdf , page4 used on input line 1101.
(pdftex.def)             Requested size: 577.9154pt x 747.89055pt.
File: datasheet.pdf Graphic file (type pdf)
<use datasheet.pdf, page 4>
Package pdftex.def Info: datasheet.pdf , page4 used on input line 1101.
(pdftex.def)             Requested size: 577.9154pt x 747.89055pt.
[40

 <./datasheet.pdf>]
<datasheet.pdf, id=602, page=5, 614.295pt x 794.97pt>
File: datasheet.pdf Graphic file (type pdf)
<use datasheet.pdf, page 5>
Package pdftex.def Info: datasheet.pdf , page5 used on input line 1101.
(pdftex.def)             Requested size: 577.9154pt x 747.89055pt.
File: datasheet.pdf Graphic file (type pdf)
<use datasheet.pdf, page 5>
Package pdftex.def Info: datasheet.pdf , page5 used on input line 1101.
(pdftex.def)             Requested size: 577.9154pt x 747.89055pt.
File: datasheet.pdf Graphic file (type pdf)
<use datasheet.pdf, page 5>
Package pdftex.def Info: datasheet.pdf , page5 used on input line 1101.
(pdftex.def)             Requested size: 577.9154pt x 747.89055pt.
[41

 <./datasheet.pdf>]
<datasheet.pdf, id=622, page=6, 614.295pt x 794.97pt>
File: datasheet.pdf Graphic file (type pdf)
<use datasheet.pdf, page 6>
Package pdftex.def Info: datasheet.pdf , page6 used on input line 1101.
(pdftex.def)             Requested size: 577.9154pt x 747.89055pt.
File: datasheet.pdf Graphic file (type pdf)
<use datasheet.pdf, page 6>
Package pdftex.def Info: datasheet.pdf , page6 used on input line 1101.
(pdftex.def)             Requested size: 577.9154pt x 747.89055pt.
File: datasheet.pdf Graphic file (type pdf)
<use datasheet.pdf, page 6>
Package pdftex.def Info: datasheet.pdf , page6 used on input line 1101.
(pdftex.def)             Requested size: 577.9154pt x 747.89055pt.
[42

 <./datasheet.pdf>]
<datasheet.pdf, id=649, page=7, 614.295pt x 794.97pt>
File: datasheet.pdf Graphic file (type pdf)
<use datasheet.pdf, page 7>
Package pdftex.def Info: datasheet.pdf , page7 used on input line 1101.
(pdftex.def)             Requested size: 577.9154pt x 747.89055pt.
File: datasheet.pdf Graphic file (type pdf)
<use datasheet.pdf, page 7>
Package pdftex.def Info: datasheet.pdf , page7 used on input line 1101.
(pdftex.def)             Requested size: 577.9154pt x 747.89055pt.
File: datasheet.pdf Graphic file (type pdf)
<use datasheet.pdf, page 7>
Package pdftex.def Info: datasheet.pdf , page7 used on input line 1101.
(pdftex.def)             Requested size: 577.9154pt x 747.89055pt.
[43

 <./datasheet.pdf>] (./equations.aux)
 ***********
LaTeX2e <2025-11-01>
L3 programming layer <2026-03-20>
 ***********
Package rerunfilecheck Info: File `equations.out' has not changed.
(rerunfilecheck)             Checksum: 95B06A5721A5788D949C7712A22E94B4;4055.
 ) 
Here is how much of TeX's memory you used:
 22152 strings out of 467349
 442419 string characters out of 5415636
 927221 words of memory out of 5000000
 50778 multiletter control sequences out of 15000+600000
 680108 words of font info for 110 fonts, out of 8000000 for 9000
 1141 hyphenation exceptions out of 8191
 78i,17n,120p,1198b,1244s stack positions out of 10000i,1000n,20000p,200000b,200000s
</usr/local/texlive/2026/texmf-dist/fonts/type1/public/amsfonts/cm/cmmi10.pfb
></usr/local/texlive/2026/texmf-dist/fonts/type1/public/amsfonts/cm/cmmi12.pfb>
</usr/local/texlive/2026/texmf-dist/fonts/type1/public/amsfonts/cm/cmmi8.pfb></
usr/local/texlive/2026/texmf-dist/fonts/type1/public/amsfonts/cm/cmr10.pfb></us
r/local/texlive/2026/texmf-dist/fonts/type1/public/amsfonts/cm/cmr12.pfb></usr/
local/texlive/2026/texmf-dist/fonts/type1/public/amsfonts/cm/cmr7.pfb></usr/loc
al/texlive/2026/texmf-dist/fonts/type1/public/amsfonts/cm/cmr8.pfb></usr/local/
texlive/2026/texmf-dist/fonts/type1/public/amsfonts/cm/cmsy10.pfb></usr/local/t
exlive/2026/texmf-dist/fonts/type1/public/amsfonts/cm/cmsy7.pfb></usr/local/tex
live/2026/texmf-dist/fonts/type1/public/amsfonts/cm/cmsy8.pfb></usr/local/texli
ve/2026/texmf-dist/fonts/type1/public/amsfonts/cm/cmti12.pfb></usr/local/texliv
e/2026/texmf-dist/fonts/type1/public/amsfonts/euler/eurm10.pfb></usr/local/texl
ive/2026/texmf-dist/fonts/type1/public/lm/lmr12.pfb></usr/local/texlive/2026/te
xmf-dist/fonts/type1/public/mlmodern/mlmbx10.pfb></usr/local/texlive/2026/texmf
-dist/fonts/type1/public/mlmodern/mlmbx12.pfb></usr/local/texlive/2026/texmf-di
st/fonts/type1/public/mlmodern/mlmbx8.pfb></usr/local/texlive/2026/texmf-dist/f
onts/type1/public/mlmodern/mlmbxi10.pfb></usr/local/texlive/2026/texmf-dist/fon
ts/type1/public/mlmodern/mlmcsc10.pfb></usr/local/texlive/2026/texmf-dist/fonts
/type1/public/mlmodern/mlmex10.pfb></usr/local/texlive/2026/texmf-dist/fonts/ty
pe1/public/mlmodern/mlmmi10.pfb></usr/local/texlive/2026/texmf-dist/fonts/type1
/public/mlmodern/mlmmi5.pfb></usr/local/texlive/2026/texmf-dist/fonts/type1/pub
lic/mlmodern/mlmmi7.pfb></usr/local/texlive/2026/texmf-dist/fonts/type1/public/
mlmodern/mlmmi8.pfb></usr/local/texlive/2026/texmf-dist/fonts/type1/public/mlmo
dern/mlmr10.pfb></usr/local/texlive/2026/texmf-dist/fonts/type1/public/mlmodern
/mlmr12.pfb></usr/local/texlive/2026/texmf-dist/fonts/type1/public/mlmodern/mlm
r17.pfb></usr/local/texlive/2026/texmf-dist/fonts/type1/public/mlmodern/mlmr5.p
fb></usr/local/texlive/2026/texmf-dist/fonts/type1/public/mlmodern/mlmr6.pfb></
usr/local/texlive/2026/texmf-dist/fonts/type1/public/mlmodern/mlmr7.pfb></usr/l
ocal/texlive/2026/texmf-dist/fonts/type1/public/mlmodern/mlmr8.pfb></usr/local/
texlive/2026/texmf-dist/fonts/type1/public/mlmodern/mlmri10.pfb></usr/local/tex
live/2026/texmf-dist/fonts/type1/public/mlmodern/mlmri7.pfb></usr/local/texlive
/2026/texmf-dist/fonts/type1/public/mlmodern/mlmri8.pfb></usr/local/texlive/202
6/texmf-dist/fonts/type1/public/mlmodern/mlmsy10.pfb></usr/local/texlive/2026/t
exmf-dist/fonts/type1/public/mlmodern/mlmsy6.pfb></usr/local/texlive/2026/texmf
-dist/fonts/type1/public/mlmodern/mlmsy7.pfb></usr/local/texlive/2026/texmf-dis
t/fonts/type1/public/mlmodern/mlmsy8.pfb></usr/local/texlive/2026/texmf-dist/fo
nts/type1/public/mlmodern/mlmtt10.pfb></usr/local/texlive/2026/texmf-dist/fonts
/type1/public/boondox/zxxrw8a.pfb>
Output written on equations.pdf (43 pages, 1842292 bytes).
PDF statistics:
 798 PDF objects out of 1000 (max. 8388607)
 602 compressed objects within 7 object streams
 84 named destinations out of 1000 (max. 500000)
 29085 words of extra memory for PDF output out of 29859 (max. 10000000)

