\BOOKMARK [1][-]{section.1}{Basic Conversions and Definitions}{}% 1
\BOOKMARK [1][-]{section.2}{Solutions}{}% 2
\BOOKMARK [1][-]{section.3}{Gases}{}% 3
\BOOKMARK [1][-]{section.4}{Thermodynamics}{}% 4
\BOOKMARK [2][-]{subsection.4.1}{Heat Exchange}{section.4}% 5
\BOOKMARK [2][-]{subsection.4.2}{Conditions}{section.4}% 6
\BOOKMARK [3][-]{subsubsection.4.2.1}{Definitions}{subsection.4.2}% 7
\BOOKMARK [3][-]{subsubsection.4.2.2}{In General}{subsection.4.2}% 8
\BOOKMARK [2][-]{subsection.4.3}{The Adiabatic Condition}{section.4}% 9
\BOOKMARK [2][-]{subsection.4.4}{Enthalpy}{section.4}% 10
\BOOKMARK [2][-]{subsection.4.5}{Entropy}{section.4}% 11
\BOOKMARK [2][-]{subsection.4.6}{Gibbs Free Energy}{section.4}% 12
\BOOKMARK [1][-]{section.5}{Electromagnetism}{}% 13
\BOOKMARK [1][-]{section.6}{Quantum Mechanics}{}% 14
\BOOKMARK [1][-]{section.7}{Stoichiometry}{}% 15
\BOOKMARK [1][-]{section.8}{Electrochemistry}{}% 16
\BOOKMARK [1][-]{section.9}{Reaction Kinetics}{}% 17
\BOOKMARK [2][-]{subsection.9.1}{Kinetics Data}{section.9}% 18
\BOOKMARK [1][-]{section.10}{Equilibrium}{}% 19
\BOOKMARK [2][-]{subsection.10.1}{Equilibrium of Acids and Bases}{section.10}% 20
\BOOKMARK [2][-]{subsection.10.2}{Equilibrium and Thermodynamics}{section.10}% 21
\BOOKMARK [1][-]{section.11}{Similarity of Equations}{}% 22
\BOOKMARK [2][-]{subsection.11.1}{Linear Equations with Different Temperatures}{section.11}% 23
\BOOKMARK [2][-]{subsection.11.2}{Summations}{section.11}% 24
